{
  "RSpec": {
    "coverage": {
      "/Users/keslleycapelin/desafio-ninja/app/models/room.rb": {
        "lines": [
          1,
          1,
          1,
          null,
          1,
          null
        ]
      },
      "/Users/keslleycapelin/desafio-ninja/app/models/schedule.rb": {
        "lines": [
          1,
          1,
          1,
          null,
          1,
          1,
          28,
          null,
          1,
          null,
          1,
          0,
          null,
          0,
          null,
          null,
          1,
          0,
          null,
          0,
          null,
          null,
          1,
          0,
          null,
          0,
          null,
          null,
          1,
          0,
          null,
          0,
          null,
          null,
          1,
          0,
          null,
          0,
          null,
          null,
          1,
          0,
          null,
          0,
          null,
          null,
          1,
          0,
          0,
          0,
          0,
          0,
          null,
          0,
          0,
          null,
          null,
          null,
          null,
          null,
          null
        ]
      },
      "/Users/keslleycapelin/desafio-ninja/app/controllers/api/rooms_controller.rb": {
        "lines": [
          1,
          1,
          1,
          null,
          1,
          2,
          null,
          null,
          null,
          null,
          null,
          null,
          1,
          2,
          null,
          null,
          null,
          null,
          null,
          null,
          1,
          null,
          1,
          2,
          null,
          null,
          null
        ]
      },
      "/Users/keslleycapelin/desafio-ninja/app/controllers/application_controller.rb": {
        "lines": [
          1,
          1,
          1,
          1,
          null
        ]
      },
      "/Users/keslleycapelin/desafio-ninja/app/modules/pagination/schema.rb": {
        "lines": [
          null,
          null,
          1,
          1,
          null,
          1,
          3,
          3,
          null,
          3,
          8,
          8,
          null,
          null,
          3,
          null,
          null,
          1,
          3,
          3,
          3,
          3,
          null,
          null,
          null,
          3,
          3,
          null,
          null,
          null,
          1,
          0,
          0,
          null,
          0,
          null,
          null,
          1,
          null,
          3,
          null,
          null,
          null,
          null,
          null,
          null,
          null,
          null
        ]
      },
      "/Users/keslleycapelin/desafio-ninja/app/modules/common_api_options.rb": {
        "lines": [
          null,
          null,
          1,
          1,
          9,
          1,
          null,
          null,
          9,
          null,
          null,
          1,
          0,
          null,
          null,
          1,
          3,
          null,
          null,
          1,
          3,
          null,
          null,
          1,
          0,
          null,
          null,
          1,
          5,
          null,
          null,
          1,
          null,
          1,
          8,
          4,
          null,
          null,
          null,
          1,
          3,
          3,
          null,
          null,
          null,
          null,
          1,
          17,
          9,
          null,
          null,
          null,
          1,
          7,
          null,
          null,
          1,
          7,
          7,
          null,
          0,
          null,
          null,
          1,
          3,
          null,
          null,
          1,
          3,
          3,
          null,
          null,
          1,
          3,
          null,
          null,
          1,
          3,
          null,
          null
        ]
      },
      "/Users/keslleycapelin/desafio-ninja/app/classes/CRUDManagement/index.rb": {
        "lines": [
          null,
          null,
          1,
          1,
          1,
          1,
          null,
          1,
          3,
          null,
          null,
          1,
          3,
          3,
          3,
          3,
          3,
          3,
          3,
          null,
          null,
          1,
          3,
          3,
          null,
          null,
          1,
          3,
          null,
          null,
          null
        ]
      },
      "/Users/keslleycapelin/desafio-ninja/app/serializable/serializable_room.rb": {
        "lines": [
          1,
          1,
          1,
          null
        ]
      },
      "/Users/keslleycapelin/desafio-ninja/app/classes/CRUDManagement/show.rb": {
        "lines": [
          null,
          null,
          1,
          1,
          1,
          1,
          null,
          1,
          null,
          1,
          3,
          null,
          null,
          1,
          3,
          3,
          3,
          null,
          null,
          1,
          3,
          3,
          2,
          null,
          1,
          null,
          null,
          null,
          1,
          null,
          1,
          3,
          null,
          null,
          null
        ]
      },
      "/Users/keslleycapelin/desafio-ninja/app/controllers/api/schedules_controller.rb": {
        "lines": [
          1,
          1,
          1,
          1,
          null,
          1,
          0,
          null,
          null,
          null,
          null,
          null,
          null,
          1,
          0,
          null,
          null,
          null,
          null,
          null,
          null,
          1,
          3,
          null,
          null,
          null,
          null,
          null,
          null,
          1,
          0,
          null,
          null,
          null,
          null,
          null,
          null,
          null,
          1,
          0,
          null,
          null,
          null,
          null,
          null,
          null,
          1,
          null,
          1,
          3,
          null,
          null,
          1,
          3,
          null,
          null,
          1,
          0,
          null,
          null,
          null
        ]
      },
      "/Users/keslleycapelin/desafio-ninja/app/classes/schedule_management/create.rb": {
        "lines": [
          null,
          null,
          1,
          1,
          1,
          3,
          3,
          0,
          0,
          0,
          null,
          0,
          null,
          null,
          null,
          1,
          null,
          1,
          3,
          3,
          null,
          null,
          null,
          null
        ]
      },
      "/Users/keslleycapelin/desafio-ninja/app/classes/CRUDManagement/create.rb": {
        "lines": [
          null,
          null,
          1,
          1,
          1,
          1,
          1,
          null,
          1,
          9,
          null,
          null,
          1,
          9,
          9,
          9,
          null,
          null,
          1,
          6,
          6,
          1,
          1,
          null,
          5,
          null,
          null,
          null,
          1,
          null,
          1,
          9,
          null,
          null,
          1,
          6,
          null,
          null,
          null
        ]
      },
      "/Users/keslleycapelin/desafio-ninja/app/controllers/api/users_controller.rb": {
        "lines": [
          1,
          1,
          null,
          1,
          null,
          1,
          null,
          1,
          1,
          null,
          null,
          null,
          null,
          null,
          null,
          1,
          1,
          null,
          null,
          null,
          null,
          null,
          null,
          1,
          6,
          null,
          null,
          null,
          null,
          null,
          null,
          1,
          5,
          null,
          null,
          null,
          null,
          null,
          null,
          null,
          1,
          null,
          1,
          6,
          null,
          null,
          1,
          5,
          null,
          null,
          1,
          6,
          null,
          null,
          null
        ]
      },
      "/Users/keslleycapelin/desafio-ninja/app/serializable/serializable_user.rb": {
        "lines": [
          1,
          1,
          1,
          null
        ]
      },
      "/Users/keslleycapelin/desafio-ninja/app/classes/CRUDManagement/update.rb": {
        "lines": [
          null,
          null,
          1,
          1,
          1,
          null,
          1,
          1,
          null,
          1,
          null,
          1,
          5,
          null,
          null,
          1,
          5,
          5,
          5,
          5,
          5,
          null,
          null,
          1,
          5,
          5,
          2,
          2,
          null,
          3,
          null,
          null,
          null,
          1,
          null,
          1,
          5,
          null,
          null,
          1,
          5,
          null,
          null,
          null
        ]
      },
      "/Users/keslleycapelin/desafio-ninja/app/channels/application_cable/channel.rb": {
        "lines": [
          0,
          0,
          0,
          0
        ],
        "branches": {
        }
      },
      "/Users/keslleycapelin/desafio-ninja/app/channels/application_cable/connection.rb": {
        "lines": [
          0,
          0,
          0,
          0
        ],
        "branches": {
        }
      },
      "/Users/keslleycapelin/desafio-ninja/app/classes/CRUDManagement/destroy.rb": {
        "lines": [
          null,
          null,
          0,
          0,
          0,
          0,
          null,
          0,
          null,
          0,
          0,
          0,
          null,
          0,
          0,
          0,
          0,
          0,
          null,
          0,
          0,
          0,
          0,
          0,
          0,
          0,
          0,
          0,
          null,
          0,
          null,
          0,
          0,
          0,
          null,
          0,
          0
        ],
        "branches": {
        }
      },
      "/Users/keslleycapelin/desafio-ninja/app/classes/user_login.rb": {
        "lines": [
          0,
          0,
          0,
          0,
          null,
          0,
          0,
          0,
          null,
          0,
          0,
          0,
          null,
          0,
          0,
          0,
          0,
          null,
          0,
          0,
          0,
          0,
          0,
          0,
          0,
          0,
          null,
          0,
          null,
          0,
          0,
          null,
          0,
          0,
          null,
          0,
          0,
          null,
          0,
          0,
          null,
          0,
          0,
          0,
          0
        ],
        "branches": {
        }
      },
      "/Users/keslleycapelin/desafio-ninja/app/controllers/api/sessions_controller.rb": {
        "lines": [
          null,
          null,
          0,
          0,
          0,
          null,
          0,
          null,
          0,
          0,
          0,
          0,
          0,
          null,
          0,
          0,
          0,
          null,
          0,
          0,
          0,
          0,
          0,
          0,
          0,
          0,
          null,
          0,
          null,
          0,
          0,
          0,
          null,
          0,
          0,
          0,
          0,
          0
        ],
        "branches": {
        }
      },
      "/Users/keslleycapelin/desafio-ninja/app/jobs/application_job.rb": {
        "lines": [
          0,
          null,
          null,
          null,
          null,
          null,
          0
        ],
        "branches": {
        }
      },
      "/Users/keslleycapelin/desafio-ninja/app/mailers/application_mailer.rb": {
        "lines": [
          0,
          0,
          0,
          0
        ],
        "branches": {
        }
      },
      "/Users/keslleycapelin/desafio-ninja/app/models/application_record.rb": {
        "lines": [
          0,
          0,
          0
        ],
        "branches": {
        }
      },
      "/Users/keslleycapelin/desafio-ninja/app/models/user.rb": {
        "lines": [
          0,
          null,
          0,
          0,
          0,
          0,
          0,
          0,
          0,
          0,
          null,
          0,
          0,
          null,
          0,
          0
        ],
        "branches": {
        }
      },
      "/Users/keslleycapelin/desafio-ninja/app/modules/deserialization/has_many.rb": {
        "lines": [
          null,
          null,
          0,
          0,
          0,
          0,
          0,
          0,
          null,
          0,
          0,
          0,
          null,
          0,
          0,
          0,
          0
        ],
        "branches": {
        }
      },
      "/Users/keslleycapelin/desafio-ninja/app/serializable/serializable_schedule.rb": {
        "lines": [
          0,
          0,
          0,
          null,
          0,
          0,
          0
        ],
        "branches": {
        }
      }
    },
    "timestamp": 1650339627
  }
}
